# JRE version: OpenJDK Runtime Environment Temurin-21.0.10+7 (21.0.10+7) (build 21.0.10+7-LTS)
# Java VM: OpenJDK 64-Bit Server VM Temurin-21.0.10+7 (21.0.10+7-LTS, mixed mode, sharing, tiered, compressed oops, compressed class ptrs, parallel gc, windows-amd64)
GC Precious Log:
 CardTable entry size: 512
 CPUs: 12 total, 12 available
 Memory: 16067M
 Large Page Support: Disabled
 NUMA Support: Disabled
 Compressed Oops: Enabled (32-bit)
 Alignments: Space 512K, Generation 512K, Heap 2M
 Heap Min Capacity: 100M
 Heap Initial Capacity: 100M
 Heap Max Capacity: 2G
 Pre-touch: Disabled
 Parallel Workers: 10
Heap:
 PSYoungGen      total 19456K, used 8764K [0x00000000d5580000, 0x00000000d6d00000, 0x0000000100000000)
  eden space 17920K, 40% used [0x00000000d5580000,0x00000000d5c92de8,0x00000000d6700000)
  from space 1536K, 99% used [0x00000000d6780000,0x00000000d68fc2e0,0x00000000d6900000)
  to   space 3072K, 0% used [0x00000000d6a00000,0x00000000d6a00000,0x00000000d6d00000)
 ParOldGen       total 173568K, used 173339K [0x0000000080000000, 0x000000008a980000, 0x00000000d5580000)
  object space 173568K, 99% used [0x0000000080000000,0x000000008a946e60,0x000000008a980000)
 Metaspace       used 70552K, committed 72000K, reserved 1114112K
  class space    used 7526K, committed 8128K, reserved 1048576K
GC Heap History (20 events):
Event: 230.810 GC heap before
{Heap before GC invocations=81 (full 3):
 PSYoungGen      total 20992K, used 20575K [0x00000000d5580000, 0x00000000d6b00000, 0x0000000100000000)
  eden space 19968K, 99% used [0x00000000d5580000,0x00000000d68ffff8,0x00000000d6900000)
  from space 1024K, 59% used [0x00000000d6900000,0x00000000d6998000,0x00000000d6a00000)
  to   space 1024K, 0% used [0x00000000d6a00000,0x00000000d6a00000,0x00000000d6b00000)
 ParOldGen       total 166400K, used 165946K [0x0000000080000000, 0x000000008a280000, 0x00000000d5580000)
  object space 166400K, 99% used [0x0000000080000000,0x000000008a20e908,0x000000008a280000)
 Metaspace       used 67142K, committed 68672K, reserved 1114112K
  class space    used 7157K, committed 7808K, reserved 1048576K
}
Event: 230.815 GC heap after
{Heap after GC invocations=81 (full 3):
 PSYoungGen      total 20480K, used 1009K [0x00000000d5580000, 0x00000000d6c00000, 0x0000000100000000)
  eden space 19456K, 0% used [0x00000000d5580000,0x00000000d5580000,0x00000000d6880000)
  from space 1024K, 98% used [0x00000000d6a00000,0x00000000d6afc408,0x00000000d6b00000)
  to   space 1536K, 0% used [0x00000000d6880000,0x00000000d6880000,0x00000000d6a00000)
 ParOldGen       total 166912K, used 166410K [0x0000000080000000, 0x000000008a300000, 0x00000000d5580000)
  object space 166912K, 99% used [0x0000000080000000,0x000000008a282918,0x000000008a300000)
 Metaspace       used 67142K, committed 68672K, reserved 1114112K
  class space    used 7157K, committed 7808K, reserved 1048576K
}
Event: 230.882 GC heap before
{Heap before GC invocations=82 (full 3):
 PSYoungGen      total 20480K, used 20465K [0x00000000d5580000, 0x00000000d6c00000, 0x0000000100000000)
  eden space 19456K, 100% used [0x00000000d5580000,0x00000000d6880000,0x00000000d6880000)
  from space 1024K, 98% used [0x00000000d6a00000,0x00000000d6afc408,0x00000000d6b00000)
  to   space 1536K, 0% used [0x00000000d6880000,0x00000000d6880000,0x00000000d6a00000)
 ParOldGen       total 166912K, used 166410K [0x0000000080000000, 0x000000008a300000, 0x00000000d5580000)
  object space 166912K, 99% used [0x0000000080000000,0x000000008a282918,0x000000008a300000)
 Metaspace       used 67142K, committed 68672K, reserved 1114112K
  class space    used 7157K, committed 7808K, reserved 1048576K
}
Event: 230.886 GC heap after
{Heap after GC invocations=82 (full 3):
 PSYoungGen      total 19968K, used 416K [0x00000000d5580000, 0x00000000d6a80000, 0x0000000100000000)
  eden space 19456K, 0% used [0x00000000d5580000,0x00000000d5580000,0x00000000d6880000)
  from space 512K, 81% used [0x00000000d6880000,0x00000000d68e8000,0x00000000d6900000)
  to   space 1024K, 0% used [0x00000000d6980000,0x00000000d6980000,0x00000000d6a80000)
 ParOldGen       total 167424K, used 167241K [0x0000000080000000, 0x000000008a380000, 0x00000000d5580000)
  object space 167424K, 99% used [0x0000000080000000,0x000000008a352630,0x000000008a380000)
 Metaspace       used 67142K, committed 68672K, reserved 1114112K
  class space    used 7157K, committed 7808K, reserved 1048576K
}
Event: 231.446 GC heap before
{Heap before GC invocations=83 (full 3):
 PSYoungGen      total 19968K, used 19872K [0x00000000d5580000, 0x00000000d6a80000, 0x0000000100000000)
  eden space 19456K, 100% used [0x00000000d5580000,0x00000000d6880000,0x00000000d6880000)
  from space 512K, 81% used [0x00000000d6880000,0x00000000d68e8000,0x00000000d6900000)
  to   space 1024K, 0% used [0x00000000d6980000,0x00000000d6980000,0x00000000d6a80000)
 ParOldGen       total 167424K, used 167241K [0x0000000080000000, 0x000000008a380000, 0x00000000d5580000)
  object space 167424K, 99% used [0x0000000080000000,0x000000008a352630,0x000000008a380000)
 Metaspace       used 67148K, committed 68672K, reserved 1114112K
  class space    used 7157K, committed 7808K, reserved 1048576K
}
Event: 231.449 GC heap after
{Heap after GC invocations=83 (full 3):
 PSYoungGen      total 19968K, used 463K [0x00000000d5580000, 0x00000000d6a00000, 0x0000000100000000)
  eden space 19456K, 0% used [0x00000000d5580000,0x00000000d5580000,0x00000000d6880000)
  from space 512K, 90% used [0x00000000d6980000,0x00000000d69f3e10,0x00000000d6a00000)
  to   space 512K, 0% used [0x00000000d6880000,0x00000000d6880000,0x00000000d6900000)
 ParOldGen       total 167936K, used 167428K [0x0000000080000000, 0x000000008a400000, 0x00000000d5580000)
  object space 167936K, 99% used [0x0000000080000000,0x000000008a381068,0x000000008a400000)
 Metaspace       used 67148K, committed 68672K, reserved 1114112K
  class space    used 7157K, committed 7808K, reserved 1048576K
}
Event: 231.824 GC heap before
{Heap before GC invocations=84 (full 3):
 PSYoungGen      total 19968K, used 19919K [0x00000000d5580000, 0x00000000d6a00000, 0x0000000100000000)
  eden space 19456K, 100% used [0x00000000d5580000,0x00000000d6880000,0x00000000d6880000)
  from space 512K, 90% used [0x00000000d6980000,0x00000000d69f3e10,0x00000000d6a00000)
  to   space 512K, 0% used [0x00000000d6880000,0x00000000d6880000,0x00000000d6900000)
 ParOldGen       total 167936K, used 167428K [0x0000000080000000, 0x000000008a400000, 0x00000000d5580000)
  object space 167936K, 99% used [0x0000000080000000,0x000000008a381068,0x000000008a400000)
 Metaspace       used 67148K, committed 68672K, reserved 1114112K
  class space    used 7157K, committed 7808K, reserved 1048576K
}
Event: 231.830 GC heap after
{Heap after GC invocations=84 (full 3):
 PSYoungGen      total 19968K, used 479K [0x00000000d5580000, 0x00000000d6a00000, 0x0000000100000000)
  eden space 19456K, 0% used [0x00000000d5580000,0x00000000d5580000,0x00000000d6880000)
  from space 512K, 93% used [0x00000000d6880000,0x00000000d68f7fd0,0x00000000d6900000)
  to   space 512K, 0% used [0x00000000d6980000,0x00000000d6980000,0x00000000d6a00000)
 ParOldGen       total 168960K, used 168514K [0x0000000080000000, 0x000000008a500000, 0x00000000d5580000)
  object space 168960K, 99% used [0x0000000080000000,0x000000008a490a08,0x000000008a500000)
 Metaspace       used 67148K, committed 68672K, reserved 1114112K
  class space    used 7157K, committed 7808K, reserved 1048576K
}
Event: 232.338 GC heap before
{Heap before GC invocations=85 (full 3):
 PSYoungGen      total 19968K, used 19935K [0x00000000d5580000, 0x00000000d6a00000, 0x0000000100000000)
  eden space 19456K, 100% used [0x00000000d5580000,0x00000000d6880000,0x00000000d6880000)
  from space 512K, 93% used [0x00000000d6880000,0x00000000d68f7fd0,0x00000000d6900000)
  to   space 512K, 0% used [0x00000000d6980000,0x00000000d6980000,0x00000000d6a00000)
 ParOldGen       total 168960K, used 168514K [0x0000000080000000, 0x000000008a500000, 0x00000000d5580000)
  object space 168960K, 99% used [0x0000000080000000,0x000000008a490a08,0x000000008a500000)
 Metaspace       used 67151K, committed 68672K, reserved 1114112K
  class space    used 7157K, committed 7808K, reserved 1048576K
}
Event: 232.342 GC heap after
{Heap after GC invocations=85 (full 3):
 PSYoungGen      total 19968K, used 512K [0x00000000d5580000, 0x00000000d6a80000, 0x0000000100000000)
  eden space 19456K, 0% used [0x00000000d5580000,0x00000000d5580000,0x00000000d6880000)
  from space 512K, 100% used [0x00000000d6980000,0x00000000d6a00000,0x00000000d6a00000)
  to   space 1024K, 0% used [0x00000000d6880000,0x00000000d6880000,0x00000000d6980000)
 ParOldGen       total 168960K, used 168812K [0x0000000080000000, 0x000000008a500000, 0x00000000d5580000)
  object space 168960K, 99% used [0x0000000080000000,0x000000008a4db158,0x000000008a500000)
 Metaspace       used 67151K, committed 68672K, reserved 1114112K
  class space    used 7157K, committed 7808K, reserved 1048576K
}
Event: 232.410 GC heap before
{Heap before GC invocations=86 (full 3):
 PSYoungGen      total 19968K, used 19968K [0x00000000d5580000, 0x00000000d6a80000, 0x0000000100000000)
  eden space 19456K, 100% used [0x00000000d5580000,0x00000000d6880000,0x00000000d6880000)
  from space 512K, 100% used [0x00000000d6980000,0x00000000d6a00000,0x00000000d6a00000)
  to   space 1024K, 0% used [0x00000000d6880000,0x00000000d6880000,0x00000000d6980000)
 ParOldGen       total 168960K, used 168812K [0x0000000080000000, 0x000000008a500000, 0x00000000d5580000)
  object space 168960K, 99% used [0x0000000080000000,0x000000008a4db158,0x000000008a500000)
 Metaspace       used 67151K, committed 68672K, reserved 1114112K
  class space    used 7157K, committed 7808K, reserved 1048576K
}
Event: 232.416 GC heap after
{Heap after GC invocations=86 (full 3):
 PSYoungGen      total 20480K, used 538K [0x00000000d5580000, 0x00000000d6a80000, 0x0000000100000000)
  eden space 19456K, 0% used [0x00000000d5580000,0x00000000d5580000,0x00000000d6880000)
  from space 1024K, 52% used [0x00000000d6880000,0x00000000d69068f0,0x00000000d6980000)
  to   space 1024K, 0% used [0x00000000d6980000,0x00000000d6980000,0x00000000d6a80000)
 ParOldGen       total 169472K, used 168985K [0x0000000080000000, 0x000000008a580000, 0x00000000d5580000)
  object space 169472K, 99% used [0x0000000080000000,0x000000008a506720,0x000000008a580000)
 Metaspace       used 67151K, committed 68672K, reserved 1114112K
  class space    used 7157K, committed 7808K, reserved 1048576K
}
Event: 232.607 GC heap before
{Heap before GC invocations=87 (full 3):
 PSYoungGen      total 20480K, used 19994K [0x00000000d5580000, 0x00000000d6a80000, 0x0000000100000000)
  eden space 19456K, 99% used [0x00000000d5580000,0x00000000d687ffe0,0x00000000d6880000)
  from space 1024K, 52% used [0x00000000d6880000,0x00000000d69068f0,0x00000000d6980000)
  to   space 1024K, 0% used [0x00000000d6980000,0x00000000d6980000,0x00000000d6a80000)
 ParOldGen       total 169472K, used 168985K [0x0000000080000000, 0x000000008a580000, 0x00000000d5580000)
  object space 169472K, 99% used [0x0000000080000000,0x000000008a506720,0x000000008a580000)
 Metaspace       used 67906K, committed 69440K, reserved 1114112K
  class space    used 7238K, committed 7872K, reserved 1048576K
}
Event: 232.613 GC heap after
{Heap after GC invocations=87 (full 3):
 PSYoungGen      total 18944K, used 1021K [0x00000000d5580000, 0x00000000d6d80000, 0x0000000100000000)
  eden space 17920K, 0% used [0x00000000d5580000,0x00000000d5580000,0x00000000d6700000)
  from space 1024K, 99% used [0x00000000d6980000,0x00000000d6a7f600,0x00000000d6a80000)
  to   space 2560K, 0% used [0x00000000d6700000,0x00000000d6700000,0x00000000d6980000)
 ParOldGen       total 169984K, used 169840K [0x0000000080000000, 0x000000008a600000, 0x00000000d5580000)
  object space 169984K, 99% used [0x0000000080000000,0x000000008a5dc0e8,0x000000008a600000)
 Metaspace       used 67906K, committed 69440K, reserved 1114112K
  class space    used 7238K, committed 7872K, reserved 1048576K
}
Event: 232.966 GC heap before
{Heap before GC invocations=88 (full 3):
 PSYoungGen      total 18944K, used 18941K [0x00000000d5580000, 0x00000000d6d80000, 0x0000000100000000)
  eden space 17920K, 100% used [0x00000000d5580000,0x00000000d6700000,0x00000000d6700000)
  from space 1024K, 99% used [0x00000000d6980000,0x00000000d6a7f600,0x00000000d6a80000)
  to   space 2560K, 0% used [0x00000000d6700000,0x00000000d6700000,0x00000000d6980000)
 ParOldGen       total 169984K, used 169840K [0x0000000080000000, 0x000000008a600000, 0x00000000d5580000)
  object space 169984K, 99% used [0x0000000080000000,0x000000008a5dc0e8,0x000000008a600000)
 Metaspace       used 68351K, committed 69888K, reserved 1114112K
  class space    used 7308K, committed 7936K, reserved 1048576K
}
Event: 232.974 GC heap after
{Heap after GC invocations=88 (full 3):
 PSYoungGen      total 19968K, used 1872K [0x00000000d5580000, 0x00000000d6b00000, 0x0000000100000000)
  eden space 17920K, 0% used [0x00000000d5580000,0x00000000d5580000,0x00000000d6700000)
  from space 2048K, 91% used [0x00000000d6700000,0x00000000d68d4000,0x00000000d6900000)
  to   space 2048K, 0% used [0x00000000d6900000,0x00000000d6900000,0x00000000d6b00000)
 ParOldGen       total 171008K, used 170845K [0x0000000080000000, 0x000000008a700000, 0x00000000d5580000)
  object space 171008K, 99% used [0x0000000080000000,0x000000008a6d76f8,0x000000008a700000)
 Metaspace       used 68351K, committed 69888K, reserved 1114112K
  class space    used 7308K, committed 7936K, reserved 1048576K
}
Event: 234.034 GC heap before
{Heap before GC invocations=89 (full 3):
 PSYoungGen      total 19968K, used 19709K [0x00000000d5580000, 0x00000000d6b00000, 0x0000000100000000)
  eden space 17920K, 99% used [0x00000000d5580000,0x00000000d66eb698,0x00000000d6700000)
  from space 2048K, 91% used [0x00000000d6700000,0x00000000d68d4000,0x00000000d6900000)
  to   space 2048K, 0% used [0x00000000d6900000,0x00000000d6900000,0x00000000d6b00000)
 ParOldGen       total 171008K, used 170845K [0x0000000080000000, 0x000000008a700000, 0x00000000d5580000)
  object space 171008K, 99% used [0x0000000080000000,0x000000008a6d76f8,0x000000008a700000)
 Metaspace       used 69560K, committed 71104K, reserved 1114112K
  class space    used 7426K, committed 8064K, reserved 1048576K
}
Event: 234.040 GC heap after
{Heap after GC invocations=89 (full 3):
 PSYoungGen      total 19456K, used 1235K [0x00000000d5580000, 0x00000000d6a80000, 0x0000000100000000)
  eden space 17920K, 0% used [0x00000000d5580000,0x00000000d5580000,0x00000000d6700000)
  from space 1536K, 80% used [0x00000000d6900000,0x00000000d6a34e30,0x00000000d6a80000)
  to   space 1536K, 0% used [0x00000000d6780000,0x00000000d6780000,0x00000000d6900000)
 ParOldGen       total 172544K, used 172179K [0x0000000080000000, 0x000000008a880000, 0x00000000d5580000)
  object space 172544K, 99% used [0x0000000080000000,0x000000008a824da8,0x000000008a880000)
 Metaspace       used 69560K, committed 71104K, reserved 1114112K
  class space    used 7426K, committed 8064K, reserved 1048576K
}
Event: 234.982 GC heap before
{Heap before GC invocations=90 (full 3):
 PSYoungGen      total 19456K, used 19155K [0x00000000d5580000, 0x00000000d6a80000, 0x0000000100000000)
  eden space 17920K, 100% used [0x00000000d5580000,0x00000000d6700000,0x00000000d6700000)
  from space 1536K, 80% used [0x00000000d6900000,0x00000000d6a34e30,0x00000000d6a80000)
  to   space 1536K, 0% used [0x00000000d6780000,0x00000000d6780000,0x00000000d6900000)
 ParOldGen       total 172544K, used 172179K [0x0000000080000000, 0x000000008a880000, 0x00000000d5580000)
  object space 172544K, 99% used [0x0000000080000000,0x000000008a824da8,0x000000008a880000)
 Metaspace       used 70330K, committed 71808K, reserved 1114112K
  class space    used 7502K, committed 8128K, reserved 1048576K
}
Event: 234.989 GC heap after
{Heap after GC invocations=90 (full 3):
 PSYoungGen      total 19456K, used 1520K [0x00000000d5580000, 0x00000000d6d00000, 0x0000000100000000)
  eden space 17920K, 0% used [0x00000000d5580000,0x00000000d5580000,0x00000000d6700000)
  from space 1536K, 99% used [0x00000000d6780000,0x00000000d68fc2e0,0x00000000d6900000)
  to   space 3072K, 0% used [0x00000000d6a00000,0x00000000d6a00000,0x00000000d6d00000)
 ParOldGen       total 173568K, used 173339K [0x0000000080000000, 0x000000008a980000, 0x00000000d5580000)
  object space 173568K, 99% used [0x0000000080000000,0x000000008a946e60,0x000000008a980000)
 Metaspace       used 70330K, committed 71808K, reserved 1114112K
  class space    used 7502K, committed 8128K, reserved 1048576K
}

