# JRE version: OpenJDK Runtime Environment Temurin-21.0.10+7 (21.0.10+7) (build 21.0.10+7-LTS)
# Java VM: OpenJDK 64-Bit Server VM Temurin-21.0.10+7 (21.0.10+7-LTS, mixed mode, sharing, tiered, compressed oops, compressed class ptrs, parallel gc, windows-amd64)
GC Precious Log:
 CardTable entry size: 512
 CPUs: 12 total, 12 available
 Memory: 16067M
 Large Page Support: Disabled
 NUMA Support: Disabled
 Compressed Oops: Enabled (32-bit)
 Alignments: Space 512K, Generation 512K, Heap 2M
 Heap Min Capacity: 100M
 Heap Initial Capacity: 100M
 Heap Max Capacity: 2G
 Pre-touch: Disabled
 Parallel Workers: 10
Heap:
 PSYoungGen      total 3072K, used 574K [0x00000000d5580000, 0x00000000d5d00000, 0x0000000100000000)
  eden space 2048K, 9% used [0x00000000d5580000,0x00000000d55af9c8,0x00000000d5780000)
  from space 1024K, 37% used [0x00000000d5b80000,0x00000000d5be0040,0x00000000d5c80000)
  to   space 512K, 0% used [0x00000000d5c80000,0x00000000d5c80000,0x00000000d5d00000)
 ParOldGen       total 913408K, used 912952K [0x0000000080000000, 0x00000000b7c00000, 0x00000000d5580000)
  object space 913408K, 99% used [0x0000000080000000,0x00000000b7b8e020,0x00000000b7c00000)
 Metaspace       used 87383K, committed 89152K, reserved 1179648K
  class space    used 9073K, committed 9856K, reserved 1048576K
GC Heap History (20 events):
Event: 1914.460 GC heap before
{Heap before GC invocations=988 (full 4):
 PSYoungGen      total 6656K, used 6628K [0x00000000d5580000, 0x00000000d6900000, 0x0000000100000000)
  eden space 5632K, 100% used [0x00000000d5580000,0x00000000d5b00000,0x00000000d5b00000)
  from space 1024K, 97% used [0x00000000d5e80000,0x00000000d5f79310,0x00000000d5f80000)
  to   space 7168K, 0% used [0x00000000d6200000,0x00000000d6200000,0x00000000d6900000)
 ParOldGen       total 855552K, used 855263K [0x0000000080000000, 0x00000000b4380000, 0x00000000d5580000)
  object space 855552K, 99% used [0x0000000080000000,0x00000000b4337fd8,0x00000000b4380000)
 Metaspace       used 87360K, committed 89152K, reserved 1179648K
  class space    used 9073K, committed 9856K, reserved 1048576K
}
Event: 1914.469 GC heap after
{Heap after GC invocations=988 (full 4):
 PSYoungGen      total 11264K, used 5570K [0x00000000d5580000, 0x00000000d6780000, 0x0000000100000000)
  eden space 5632K, 0% used [0x00000000d5580000,0x00000000d5580000,0x00000000d5b00000)
  from space 5632K, 98% used [0x00000000d6200000,0x00000000d6770a60,0x00000000d6780000)
  to   space 6144K, 0% used [0x00000000d5b80000,0x00000000d5b80000,0x00000000d6180000)
 ParOldGen       total 856576K, used 856279K [0x0000000080000000, 0x00000000b4480000, 0x00000000d5580000)
  object space 856576K, 99% used [0x0000000080000000,0x00000000b4435fe8,0x00000000b4480000)
 Metaspace       used 87360K, committed 89152K, reserved 1179648K
  class space    used 9073K, committed 9856K, reserved 1048576K
}
Event: 1914.492 GC heap before
{Heap before GC invocations=989 (full 4):
 PSYoungGen      total 11264K, used 11202K [0x00000000d5580000, 0x00000000d6780000, 0x0000000100000000)
  eden space 5632K, 100% used [0x00000000d5580000,0x00000000d5b00000,0x00000000d5b00000)
  from space 5632K, 98% used [0x00000000d6200000,0x00000000d6770a60,0x00000000d6780000)
  to   space 6144K, 0% used [0x00000000d5b80000,0x00000000d5b80000,0x00000000d6180000)
 ParOldGen       total 856576K, used 856279K [0x0000000080000000, 0x00000000b4480000, 0x00000000d5580000)
  object space 856576K, 99% used [0x0000000080000000,0x00000000b4435fe8,0x00000000b4480000)
 Metaspace       used 87360K, committed 89152K, reserved 1179648K
  class space    used 9073K, committed 9856K, reserved 1048576K
}
Event: 1914.506 GC heap after
{Heap after GC invocations=989 (full 4):
 PSYoungGen      total 12288K, used 4352K [0x00000000d5580000, 0x00000000d6680000, 0x0000000100000000)
  eden space 6144K, 0% used [0x00000000d5580000,0x00000000d5580000,0x00000000d5b80000)
  from space 6144K, 70% used [0x00000000d5b80000,0x00000000d5fc0020,0x00000000d6180000)
  to   space 5120K, 0% used [0x00000000d6180000,0x00000000d6180000,0x00000000d6680000)
 ParOldGen       total 862208K, used 861770K [0x0000000080000000, 0x00000000b4a00000, 0x00000000d5580000)
  object space 862208K, 99% used [0x0000000080000000,0x00000000b4992b58,0x00000000b4a00000)
 Metaspace       used 87360K, committed 89152K, reserved 1179648K
  class space    used 9073K, committed 9856K, reserved 1048576K
}
Event: 1914.543 GC heap before
{Heap before GC invocations=990 (full 4):
 PSYoungGen      total 12288K, used 10496K [0x00000000d5580000, 0x00000000d6680000, 0x0000000100000000)
  eden space 6144K, 100% used [0x00000000d5580000,0x00000000d5b80000,0x00000000d5b80000)
  from space 6144K, 70% used [0x00000000d5b80000,0x00000000d5fc0020,0x00000000d6180000)
  to   space 5120K, 0% used [0x00000000d6180000,0x00000000d6180000,0x00000000d6680000)
 ParOldGen       total 862208K, used 861770K [0x0000000080000000, 0x00000000b4a00000, 0x00000000d5580000)
  object space 862208K, 99% used [0x0000000080000000,0x00000000b4992b58,0x00000000b4a00000)
 Metaspace       used 87362K, committed 89152K, reserved 1179648K
  class space    used 9073K, committed 9856K, reserved 1048576K
}
Event: 1914.555 GC heap after
{Heap after GC invocations=990 (full 4):
 PSYoungGen      total 12288K, used 4904K [0x00000000d5580000, 0x00000000d6700000, 0x0000000100000000)
  eden space 7168K, 0% used [0x00000000d5580000,0x00000000d5580000,0x00000000d5c80000)
  from space 5120K, 95% used [0x00000000d6180000,0x00000000d664a000,0x00000000d6680000)
  to   space 5120K, 0% used [0x00000000d5c80000,0x00000000d5c80000,0x00000000d6180000)
 ParOldGen       total 866304K, used 866042K [0x0000000080000000, 0x00000000b4e00000, 0x00000000d5580000)
  object space 866304K, 99% used [0x0000000080000000,0x00000000b4dbeb78,0x00000000b4e00000)
 Metaspace       used 87362K, committed 89152K, reserved 1179648K
  class space    used 9073K, committed 9856K, reserved 1048576K
}
Event: 1914.759 GC heap before
{Heap before GC invocations=991 (full 4):
 PSYoungGen      total 12288K, used 12072K [0x00000000d5580000, 0x00000000d6700000, 0x0000000100000000)
  eden space 7168K, 100% used [0x00000000d5580000,0x00000000d5c80000,0x00000000d5c80000)
  from space 5120K, 95% used [0x00000000d6180000,0x00000000d664a000,0x00000000d6680000)
  to   space 5120K, 0% used [0x00000000d5c80000,0x00000000d5c80000,0x00000000d6180000)
 ParOldGen       total 898048K, used 896762K [0x0000000080000000, 0x00000000b6d00000, 0x00000000d5580000)
  object space 898048K, 99% used [0x0000000080000000,0x00000000b6bbeba8,0x00000000b6d00000)
 Metaspace       used 87364K, committed 89152K, reserved 1179648K
  class space    used 9073K, committed 9856K, reserved 1048576K
}
Event: 1914.770 GC heap after
{Heap after GC invocations=991 (full 4):
 PSYoungGen      total 11776K, used 4186K [0x00000000d5580000, 0x00000000d6580000, 0x0000000100000000)
  eden space 7168K, 0% used [0x00000000d5580000,0x00000000d5580000,0x00000000d5c80000)
  from space 4608K, 90% used [0x00000000d5c80000,0x00000000d60969a0,0x00000000d6100000)
  to   space 4608K, 0% used [0x00000000d6100000,0x00000000d6100000,0x00000000d6580000)
 ParOldGen       total 900096K, used 899937K [0x0000000080000000, 0x00000000b6f00000, 0x00000000d5580000)
  object space 900096K, 99% used [0x0000000080000000,0x00000000b6ed8678,0x00000000b6f00000)
 Metaspace       used 87364K, committed 89152K, reserved 1179648K
  class space    used 9073K, committed 9856K, reserved 1048576K
}
Event: 1914.808 GC heap before
{Heap before GC invocations=992 (full 4):
 PSYoungGen      total 11776K, used 11354K [0x00000000d5580000, 0x00000000d6580000, 0x0000000100000000)
  eden space 7168K, 100% used [0x00000000d5580000,0x00000000d5c80000,0x00000000d5c80000)
  from space 4608K, 90% used [0x00000000d5c80000,0x00000000d60969a0,0x00000000d6100000)
  to   space 4608K, 0% used [0x00000000d6100000,0x00000000d6100000,0x00000000d6580000)
 ParOldGen       total 900096K, used 899937K [0x0000000080000000, 0x00000000b6f00000, 0x00000000d5580000)
  object space 900096K, 99% used [0x0000000080000000,0x00000000b6ed8678,0x00000000b6f00000)
 Metaspace       used 87364K, committed 89152K, reserved 1179648K
  class space    used 9073K, committed 9856K, reserved 1048576K
}
Event: 1914.824 GC heap after
{Heap after GC invocations=992 (full 4):
 PSYoungGen      total 5120K, used 4596K [0x00000000d5580000, 0x00000000d7600000, 0x0000000100000000)
  eden space 512K, 0% used [0x00000000d5580000,0x00000000d5580000,0x00000000d5600000)
  from space 4608K, 99% used [0x00000000d6100000,0x00000000d657d000,0x00000000d6580000)
  to   space 11264K, 0% used [0x00000000d5600000,0x00000000d5600000,0x00000000d6100000)
 ParOldGen       total 906752K, used 906444K [0x0000000080000000, 0x00000000b7580000, 0x00000000d5580000)
  object space 906752K, 99% used [0x0000000080000000,0x00000000b7533018,0x00000000b7580000)
 Metaspace       used 87364K, committed 89152K, reserved 1179648K
  class space    used 9073K, committed 9856K, reserved 1048576K
}
Event: 1914.828 GC heap before
{Heap before GC invocations=993 (full 4):
 PSYoungGen      total 5120K, used 4955K [0x00000000d5580000, 0x00000000d7600000, 0x0000000100000000)
  eden space 512K, 70% used [0x00000000d5580000,0x00000000d55d9c30,0x00000000d5600000)
  from space 4608K, 99% used [0x00000000d6100000,0x00000000d657d000,0x00000000d6580000)
  to   space 11264K, 0% used [0x00000000d5600000,0x00000000d5600000,0x00000000d6100000)
 ParOldGen       total 906752K, used 906444K [0x0000000080000000, 0x00000000b7580000, 0x00000000d5580000)
  object space 906752K, 99% used [0x0000000080000000,0x00000000b7533018,0x00000000b7580000)
 Metaspace       used 87364K, committed 89152K, reserved 1179648K
  class space    used 9073K, committed 9856K, reserved 1048576K
}
Event: 1914.835 GC heap after
{Heap after GC invocations=993 (full 4):
 PSYoungGen      total 1024K, used 424K [0x00000000d5580000, 0x00000000d6180000, 0x0000000100000000)
  eden space 512K, 0% used [0x00000000d5580000,0x00000000d5580000,0x00000000d5600000)
  from space 512K, 82% used [0x00000000d5600000,0x00000000d566a000,0x00000000d5680000)
  to   space 4608K, 0% used [0x00000000d5d00000,0x00000000d5d00000,0x00000000d6180000)
 ParOldGen       total 911360K, used 911028K [0x0000000080000000, 0x00000000b7a00000, 0x00000000d5580000)
  object space 911360K, 99% used [0x0000000080000000,0x00000000b79ad018,0x00000000b7a00000)
 Metaspace       used 87364K, committed 89152K, reserved 1179648K
  class space    used 9073K, committed 9856K, reserved 1048576K
}
Event: 1914.842 GC heap before
{Heap before GC invocations=994 (full 4):
 PSYoungGen      total 1024K, used 935K [0x00000000d5580000, 0x00000000d6180000, 0x0000000100000000)
  eden space 512K, 99% used [0x00000000d5580000,0x00000000d55ffff0,0x00000000d5600000)
  from space 512K, 82% used [0x00000000d5600000,0x00000000d566a000,0x00000000d5680000)
  to   space 4608K, 0% used [0x00000000d5d00000,0x00000000d5d00000,0x00000000d6180000)
 ParOldGen       total 911360K, used 911028K [0x0000000080000000, 0x00000000b7a00000, 0x00000000d5580000)
  object space 911360K, 99% used [0x0000000080000000,0x00000000b79ad018,0x00000000b7a00000)
 Metaspace       used 87364K, committed 89152K, reserved 1179648K
  class space    used 9073K, committed 9856K, reserved 1048576K
}
Event: 1914.846 GC heap after
{Heap after GC invocations=994 (full 4):
 PSYoungGen      total 2048K, used 688K [0x00000000d5580000, 0x00000000d5e00000, 0x0000000100000000)
  eden space 1024K, 0% used [0x00000000d5580000,0x00000000d5580000,0x00000000d5680000)
  from space 1024K, 67% used [0x00000000d5d00000,0x00000000d5dac000,0x00000000d5e00000)
  to   space 1536K, 0% used [0x00000000d5b00000,0x00000000d5b00000,0x00000000d5c80000)
 ParOldGen       total 911360K, used 911244K [0x0000000080000000, 0x00000000b7a00000, 0x00000000d5580000)
  object space 911360K, 99% used [0x0000000080000000,0x00000000b79e3018,0x00000000b7a00000)
 Metaspace       used 87364K, committed 89152K, reserved 1179648K
  class space    used 9073K, committed 9856K, reserved 1048576K
}
Event: 1914.858 GC heap before
{Heap before GC invocations=995 (full 4):
 PSYoungGen      total 2048K, used 1712K [0x00000000d5580000, 0x00000000d5e00000, 0x0000000100000000)
  eden space 1024K, 100% used [0x00000000d5580000,0x00000000d5680000,0x00000000d5680000)
  from space 1024K, 67% used [0x00000000d5d00000,0x00000000d5dac000,0x00000000d5e00000)
  to   space 1536K, 0% used [0x00000000d5b00000,0x00000000d5b00000,0x00000000d5c80000)
 ParOldGen       total 911360K, used 911244K [0x0000000080000000, 0x00000000b7a00000, 0x00000000d5580000)
  object space 911360K, 99% used [0x0000000080000000,0x00000000b79e3018,0x00000000b7a00000)
 Metaspace       used 87364K, committed 89152K, reserved 1179648K
  class space    used 9073K, committed 9856K, reserved 1048576K
}
Event: 1914.863 GC heap after
{Heap after GC invocations=995 (full 4):
 PSYoungGen      total 3072K, used 1248K [0x00000000d5580000, 0x00000000d5d80000, 0x0000000100000000)
  eden space 1536K, 0% used [0x00000000d5580000,0x00000000d5580000,0x00000000d5700000)
  from space 1536K, 81% used [0x00000000d5b00000,0x00000000d5c38000,0x00000000d5c80000)
  to   space 1024K, 0% used [0x00000000d5c80000,0x00000000d5c80000,0x00000000d5d80000)
 ParOldGen       total 911872K, used 911452K [0x0000000080000000, 0x00000000b7a80000, 0x00000000d5580000)
  object space 911872K, 99% used [0x0000000080000000,0x00000000b7a17018,0x00000000b7a80000)
 Metaspace       used 87364K, committed 89152K, reserved 1179648K
  class space    used 9073K, committed 9856K, reserved 1048576K
}
Event: 1921.126 GC heap before
{Heap before GC invocations=996 (full 4):
 PSYoungGen      total 3072K, used 2783K [0x00000000d5580000, 0x00000000d5d80000, 0x0000000100000000)
  eden space 1536K, 99% used [0x00000000d5580000,0x00000000d56ffff8,0x00000000d5700000)
  from space 1536K, 81% used [0x00000000d5b00000,0x00000000d5c38000,0x00000000d5c80000)
  to   space 1024K, 0% used [0x00000000d5c80000,0x00000000d5c80000,0x00000000d5d80000)
 ParOldGen       total 911872K, used 911452K [0x0000000080000000, 0x00000000b7a80000, 0x00000000d5580000)
  object space 911872K, 99% used [0x0000000080000000,0x00000000b7a17018,0x00000000b7a80000)
 Metaspace       used 87364K, committed 89152K, reserved 1179648K
  class space    used 9073K, committed 9856K, reserved 1048576K
}
Event: 1921.132 GC heap after
{Heap after GC invocations=996 (full 4):
 PSYoungGen      total 3072K, used 576K [0x00000000d5580000, 0x00000000d5d80000, 0x0000000100000000)
  eden space 2048K, 0% used [0x00000000d5580000,0x00000000d5580000,0x00000000d5780000)
  from space 1024K, 56% used [0x00000000d5c80000,0x00000000d5d10000,0x00000000d5d80000)
  to   space 1024K, 0% used [0x00000000d5b80000,0x00000000d5b80000,0x00000000d5c80000)
 ParOldGen       total 912896K, used 912516K [0x0000000080000000, 0x00000000b7b80000, 0x00000000d5580000)
  object space 912896K, 99% used [0x0000000080000000,0x00000000b7b21018,0x00000000b7b80000)
 Metaspace       used 87364K, committed 89152K, reserved 1179648K
  class space    used 9073K, committed 9856K, reserved 1048576K
}
Event: 1938.504 GC heap before
{Heap before GC invocations=997 (full 4):
 PSYoungGen      total 3072K, used 2623K [0x00000000d5580000, 0x00000000d5d80000, 0x0000000100000000)
  eden space 2048K, 99% used [0x00000000d5580000,0x00000000d577fe10,0x00000000d5780000)
  from space 1024K, 56% used [0x00000000d5c80000,0x00000000d5d10000,0x00000000d5d80000)
  to   space 1024K, 0% used [0x00000000d5b80000,0x00000000d5b80000,0x00000000d5c80000)
 ParOldGen       total 912896K, used 912516K [0x0000000080000000, 0x00000000b7b80000, 0x00000000d5580000)
  object space 912896K, 99% used [0x0000000080000000,0x00000000b7b21018,0x00000000b7b80000)
 Metaspace       used 87374K, committed 89152K, reserved 1179648K
  class space    used 9073K, committed 9856K, reserved 1048576K
}
Event: 1938.508 GC heap after
{Heap after GC invocations=997 (full 4):
 PSYoungGen      total 3072K, used 384K [0x00000000d5580000, 0x00000000d5d00000, 0x0000000100000000)
  eden space 2048K, 0% used [0x00000000d5580000,0x00000000d5580000,0x00000000d5780000)
  from space 1024K, 37% used [0x00000000d5b80000,0x00000000d5be0040,0x00000000d5c80000)
  to   space 512K, 0% used [0x00000000d5c80000,0x00000000d5c80000,0x00000000d5d00000)
 ParOldGen       total 913408K, used 912952K [0x0000000080000000, 0x00000000b7c00000, 0x00000000d5580000)
  object space 913408K, 99% used [0x0000000080000000,0x00000000b7b8e020,0x00000000b7c00000)
 Metaspace       used 87374K, committed 89152K, reserved 1179648K
  class space    used 9073K, committed 9856K, reserved 1048576K
}

